<?xml version="1.0" encoding="UTF-8"?>
<!-- Generated by org.testng.reporters.JUnitXMLReporter -->
<testsuite hostname="T460" ignored="0" name="Command line test" tests="9" failures="0" timestamp="29 Oct 2022 14:07:27 GMT" time="9.246" errors="0">
  <testcase name="searchBreedByFullName" time="3.962" classname="testcases.TestCases"/>
  <testcase name="searchBreedBySubValidFullName" time="0.71" classname="testcases.TestCases"/>
  <testcase name="searchBreedByInvalidParameter" time="0.675" classname="testcases.TestCases"/>
  <testcase name="searchBreedByInvalidParameter" time="0.647" classname="testcases.TestCases"/>
  <testcase name="searchBreedByInvalidParameter" time="0.632" classname="testcases.TestCases"/>
  <testcase name="searchBreedByInvalidParameter" time="0.649" classname="testcases.TestCases"/>
  <testcase name="searchBreedByInvalidParameter" time="0.61" classname="testcases.TestCases"/>
  <testcase name="searchBreedBySpecialCharacters" time="0.648" classname="testcases.TestCases"/>
  <testcase name="searchBreedWithoutQueryParamater" time="0.619" classname="testcases.TestCases"/>
</testsuite> <!-- Command line test -->
